<?xml version="1.0" encoding="UTF-8"?>
<!-- Generated by org.testng.reporters.JUnitReportReporter -->
<testsuite skipped="1" hostname="Ravi" name="DefineTeams_Contact.Contact_DefineTeams" tests="2" failures="0" timestamp="2020-10-23T11:50:30 IST" time="2.197" errors="1">
  <testcase name="DefineTeamSetup" time="0.000" classname="DefineTeams_Contact.Contact_DefineTeams">
    <skipped/>
  </testcase> <!-- DefineTeamSetup -->
  <system-out/>
  <testcase name="setUp" time="2.197" classname="DefineTeams_Contact.Contact_DefineTeams">
    <error type="org.openqa.selenium.SessionNotCreatedException" message="session not created: This version of ChromeDriver only supports Chrome version 83
Build info: version: &#039;3.141.59&#039;, revision: &#039;e82be7d358&#039;, time: &#039;2018-11-14T08:17:03&#039;
System info: host: &#039;RAVI&#039;, ip: &#039;192.168.1.107&#039;, os.name: &#039;Windows 10&#039;, os.arch: &#039;amd64&#039;, os.version: &#039;10.0&#039;, java.version: &#039;1.8.0_202&#039;
Driver info: driver.version: ChromeDriver
remote stacktrace: Backtrace:
	Ordinal0 [0x004F9563+2725219]
	Ordinal0 [0x003F8551+1672529]
	Ordinal0 [0x002E0359+525145]
	Ordinal0 [0x00270B77+68471]
	Ordinal0 [0x0026D32C+54060]
	Ordinal0 [0x0028CC37+183351]
	Ordinal0 [0x0028CA3D+182845]
	Ordinal0 [0x0028A94B+174411]
	Ordinal0 [0x00272528+75048]
	Ordinal0 [0x002735A0+79264]
	Ordinal0 [0x00273539+79161]
	Ordinal0 [0x0040D607+1758727]
	GetHandleVerifier [0x00616546+1050150]
	GetHandleVerifier [0x00616291+1049457]
	GetHandleVerifier [0x006210D7+1094071]
	GetHandleVerifier [0x00616B46+1051686]
	Ordinal0 [0x00405B06+1727238]
	Ordinal0 [0x0040EB7B+1764219]
	Ordinal0 [0x0040ECE3+1764579]
	Ordinal0 [0x00424C05+1854469]
	BaseThreadInitThunk [0x76706359+25]
	RtlGetAppContainerNamedObjectPath [0x776F7C24+228]
	RtlGetAppContainerNamedObjectPath [0x776F7BF4+180]
">
      <![CDATA[org.openqa.selenium.SessionNotCreatedException: session not created: This version of ChromeDriver only supports Chrome version 83
Build info: version: '3.141.59', revision: 'e82be7d358', time: '2018-11-14T08:17:03'
System info: host: 'RAVI', ip: '192.168.1.107', os.name: 'Windows 10', os.arch: 'amd64', os.version: '10.0', java.version: '1.8.0_202'
Driver info: driver.version: ChromeDriver
remote stacktrace: Backtrace:
Ordinal0 [0x004F9563+2725219]
Ordinal0 [0x003F8551+1672529]
Ordinal0 [0x002E0359+525145]
Ordinal0 [0x00270B77+68471]
Ordinal0 [0x0026D32C+54060]
Ordinal0 [0x0028CC37+183351]
Ordinal0 [0x0028CA3D+182845]
Ordinal0 [0x0028A94B+174411]
Ordinal0 [0x00272528+75048]
Ordinal0 [0x002735A0+79264]
Ordinal0 [0x00273539+79161]
Ordinal0 [0x0040D607+1758727]
GetHandleVerifier [0x00616546+1050150]
GetHandleVerifier [0x00616291+1049457]
GetHandleVerifier [0x006210D7+1094071]
GetHandleVerifier [0x00616B46+1051686]
Ordinal0 [0x00405B06+1727238]
Ordinal0 [0x0040EB7B+1764219]
Ordinal0 [0x0040ECE3+1764579]
Ordinal0 [0x00424C05+1854469]
BaseThreadInitThunk [0x76706359+25]
RtlGetAppContainerNamedObjectPath [0x776F7C24+228]
RtlGetAppContainerNamedObjectPath [0x776F7BF4+180]

at sun.reflect.NativeConstructorAccessorImpl.newInstance0(Native Method)
at sun.reflect.NativeConstructorAccessorImpl.newInstance(NativeConstructorAccessorImpl.java:62)
at sun.reflect.DelegatingConstructorAccessorImpl.newInstance(DelegatingConstructorAccessorImpl.java:45)
at java.lang.reflect.Constructor.newInstance(Constructor.java:423)
at org.openqa.selenium.remote.W3CHandshakeResponse.lambda$errorHandler$0(W3CHandshakeResponse.java:62)
at org.openqa.selenium.remote.HandshakeResponse.lambda$getResponseFunction$0(HandshakeResponse.java:30)
at org.openqa.selenium.remote.ProtocolHandshake.lambda$createSession$0(ProtocolHandshake.java:126)
at java.util.stream.ReferencePipeline$3$1.accept(ReferencePipeline.java:193)
at java.util.Spliterators$ArraySpliterator.tryAdvance(Spliterators.java:958)
at java.util.stream.ReferencePipeline.forEachWithCancel(ReferencePipeline.java:126)
at java.util.stream.AbstractPipeline.copyIntoWithCancel(AbstractPipeline.java:498)
at java.util.stream.AbstractPipeline.copyInto(AbstractPipeline.java:485)
at java.util.stream.AbstractPipeline.wrapAndCopyInto(AbstractPipeline.java:471)
at java.util.stream.FindOps$FindOp.evaluateSequential(FindOps.java:152)
at java.util.stream.AbstractPipeline.evaluate(AbstractPipeline.java:234)
at java.util.stream.ReferencePipeline.findFirst(ReferencePipeline.java:464)
at org.openqa.selenium.remote.ProtocolHandshake.createSession(ProtocolHandshake.java:128)
at org.openqa.selenium.remote.ProtocolHandshake.createSession(ProtocolHandshake.java:74)
at org.openqa.selenium.remote.HttpCommandExecutor.execute(HttpCommandExecutor.java:136)
at org.openqa.selenium.remote.service.DriverCommandExecutor.execute(DriverCommandExecutor.java:83)
at org.openqa.selenium.remote.RemoteWebDriver.execute(RemoteWebDriver.java:552)
at org.openqa.selenium.remote.RemoteWebDriver.startSession(RemoteWebDriver.java:213)
at org.openqa.selenium.remote.RemoteWebDriver.<init>(RemoteWebDriver.java:131)
at org.openqa.selenium.chrome.ChromeDriver.<init>(ChromeDriver.java:181)
at org.openqa.selenium.chrome.ChromeDriver.<init>(ChromeDriver.java:168)
at org.openqa.selenium.chrome.ChromeDriver.<init>(ChromeDriver.java:157)
at com.mirketa.factory.BrowserFactory.getBrowser(BrowserFactory.java:30)
at DefineTeams_Contact.Contact_DefineTeams.setUp(Contact_DefineTeams.java:153)
at sun.reflect.NativeMethodAccessorImpl.invoke0(Native Method)
at sun.reflect.NativeMethodAccessorImpl.invoke(NativeMethodAccessorImpl.java:62)
at sun.reflect.DelegatingMethodAccessorImpl.invoke(DelegatingMethodAccessorImpl.java:43)
at java.lang.reflect.Method.invoke(Method.java:498)
at org.testng.internal.MethodInvocationHelper.invokeMethod(MethodInvocationHelper.java:134)
at org.testng.internal.MethodInvocationHelper.invokeMethodConsideringTimeout(MethodInvocationHelper.java:63)
at org.testng.internal.ConfigInvoker.invokeConfigurationMethod(ConfigInvoker.java:348)
at org.testng.internal.ConfigInvoker.invokeConfigurations(ConfigInvoker.java:302)
at org.testng.internal.TestInvoker.runConfigMethods(TestInvoker.java:695)
at org.testng.internal.TestInvoker.invokeMethod(TestInvoker.java:523)
at org.testng.internal.TestInvoker.invokeTestMethod(TestInvoker.java:173)
at org.testng.internal.MethodRunner.runInSequence(MethodRunner.java:46)
at org.testng.internal.TestInvoker$MethodInvocationAgent.invoke(TestInvoker.java:816)
at org.testng.internal.TestInvoker.invokeTestMethods(TestInvoker.java:146)
at org.testng.internal.TestMethodWorker.invokeTestMethods(TestMethodWorker.java:146)
at org.testng.internal.TestMethodWorker.run(TestMethodWorker.java:128)
at java.util.ArrayList.forEach(ArrayList.java:1257)
at org.testng.TestRunner.privateRun(TestRunner.java:766)
at org.testng.TestRunner.run(TestRunner.java:587)
at org.testng.SuiteRunner.runTest(SuiteRunner.java:384)
at org.testng.SuiteRunner.runSequentially(SuiteRunner.java:378)
at org.testng.SuiteRunner.privateRun(SuiteRunner.java:337)
at org.testng.SuiteRunner.run(SuiteRunner.java:286)
at org.testng.SuiteRunnerWorker.runSuite(SuiteRunnerWorker.java:53)
at org.testng.SuiteRunnerWorker.run(SuiteRunnerWorker.java:96)
at org.testng.TestNG.runSuitesSequentially(TestNG.java:1187)
at org.testng.TestNG.runSuitesLocally(TestNG.java:1109)
at org.testng.TestNG.runSuites(TestNG.java:1039)
at org.testng.TestNG.run(TestNG.java:1007)
at org.testng.remote.AbstractRemoteTestNG.run(AbstractRemoteTestNG.java:115)
at org.testng.remote.RemoteTestNG.initAndRun(RemoteTestNG.java:251)
at org.testng.remote.RemoteTestNG.main(RemoteTestNG.java:77)
]]>
    </error>
  </testcase> <!-- setUp -->
  <system-out/>
</testsuite> <!-- DefineTeams_Contact.Contact_DefineTeams -->
